[debug] [2018-01-09T04:58:10.920Z] ----------------------------------------------------------------------
[debug] [2018-01-09T04:58:10.923Z] Command:       /usr/local/Cellar/node/9.3.0_1/bin/node /usr/local/bin/firebase serve
[debug] [2018-01-09T04:58:10.923Z] CLI Version:   3.16.0
[debug] [2018-01-09T04:58:10.923Z] Platform:      darwin
[debug] [2018-01-09T04:58:10.923Z] Node Version:  v9.3.0
[debug] [2018-01-09T04:58:10.924Z] Time:          Mon Jan 08 2018 21:58:10 GMT-0700 (MST)
[debug] [2018-01-09T04:58:10.924Z] ----------------------------------------------------------------------
[debug] 
[debug] [2018-01-09T04:58:10.934Z] > command requires scopes: ["email","openid","https://www.googleapis.com/auth/cloudplatformprojects.readonly","https://www.googleapis.com/auth/firebase","https://www.googleapis.com/auth/cloud-platform"]
[debug] [2018-01-09T04:58:10.934Z] > authorizing via signed-in user
[debug] [2018-01-09T04:58:10.936Z] > refreshing access token with scopes: ["email","https://www.googleapis.com/auth/cloud-platform","https://www.googleapis.com/auth/cloudplatformprojects.readonly","https://www.googleapis.com/auth/firebase","openid"]
[debug] [2018-01-09T04:58:10.936Z] >>> HTTP REQUEST POST https://www.googleapis.com/oauth2/v3/token  
 { refresh_token: '1/1Y5EN9qxBUjaqZVHh1rwn1VsRWEBdjq4yYiAESCj_GICRDfkcI2V1QipBagVeTpU',
  client_id: '563584335869-fgrhgmd47bqnekij5i8b5pr03ho849e6.apps.googleusercontent.com',
  client_secret: 'j9iVZfS8kkCEFUPaAeJV0sAi',
  grant_type: 'refresh_token',
  scope: 'email https://www.googleapis.com/auth/cloud-platform https://www.googleapis.com/auth/cloudplatformprojects.readonly https://www.googleapis.com/auth/firebase openid' } 
 Mon Jan 08 2018 21:58:10 GMT-0700 (MST)
[debug] [2018-01-09T04:58:11.141Z] <<< HTTP RESPONSE 200
[debug] [2018-01-09T04:58:11.150Z] >>> HTTP REQUEST GET https://admin.firebase.com/v1/projects/web-audio-api  
  
 Mon Jan 08 2018 21:58:11 GMT-0700 (MST)
[debug] [2018-01-09T04:58:11.507Z] <<< HTTP RESPONSE 200
[debug] [2018-01-09T04:58:11.508Z] >>> HTTP REQUEST GET https://admin.firebase.com/v1/database/web-audio-api/tokens  
  
 Mon Jan 08 2018 21:58:11 GMT-0700 (MST)
[debug] [2018-01-09T04:58:12.131Z] <<< HTTP RESPONSE 200
[info] 
[info] === Serving from '/Users/Brandon/Documents/BYU/2018-2019/1 Winter/CS 498R/site'...
[info] 
[debug] [2018-01-09T04:58:12.134Z] >>> HTTP REQUEST GET https://cloudresourcemanager.googleapis.com/v1/projects/web-audio-api  
  
 Mon Jan 08 2018 21:58:12 GMT-0700 (MST)
[debug] [2018-01-09T04:58:12.658Z] <<< HTTP RESPONSE 200
[debug] [2018-01-09T04:58:12.661Z] >>> HTTP REQUEST GET https://mobilesdk-pa.googleapis.com/v1/projects/327150212047/clients/_:getWebAppConfig  
  
 Mon Jan 08 2018 21:58:12 GMT-0700 (MST)
[debug] [2018-01-09T04:58:12.990Z] <<< HTTP RESPONSE 200
[info] i  hosting: Serving hosting files from: public
[info] ✔  hosting: Local server: http://localhost:5000

